<?xml version="1.0" encoding="UTF-8"?>
<testsuite name="com.resteady.tdd.examples.API.UserApiTest" tests="1" skipped="0" failures="0" errors="0" timestamp="2018-11-16T11:01:52" hostname="FULL422-PRT.FULL.Creative" time="1.056">
  <properties/>
  <testcase name="getUserById_400_test" classname="com.resteady.tdd.examples.API.UserApiTest" time="1.056"/>
  <system-out><![CDATA[ userId : null
message : Invalid userId
response : Invalid userId
]]></system-out>
  <system-err><![CDATA[]]></system-err>
</testsuite>
